<?xml version="1.0" encoding="UTF-8"?>
<testsuite name="agh.ics.opp.IntegrationTest" tests="1" skipped="0" failures="0" errors="0" timestamp="2021-12-01T16:49:34" hostname="DESKTOP-6DQP52G" time="0.034">
  <properties/>
  <testcase name="SimulationEngineTest()" classname="agh.ics.opp.IntegrationTest" time="0.034"/>
  <system-out><![CDATA[(2,3)
(3,3)
]]></system-out>
  <system-err><![CDATA[]]></system-err>
</testsuite>
